<?xml version="1.0" encoding="UTF-8"?>
<!-- Generated by org.testng.reporters.JUnitReportReporter -->
<testsuite hostname="SCL488" failures="0" tests="1" name="TestCases.LoginTest" time="17.821" errors="0" timestamp="27 Apr 2023 08:02:07 GMT" skipped="0">
  <testcase classname="TestCases.LoginTest" name="loginTest" time="17.821"/>
</testsuite> <!-- TestCases.LoginTest -->
